{"C:\\Users\\PC\\Desktop\\js\\BOBI-MITKO\\bobby-mitaka\\server\\database\\entity\\Actor.ts": {"path":"C:\\Users\\PC\\Desktop\\js\\BOBI-MITKO\\bobby-mitaka\\server\\database\\entity\\Actor.ts","statementMap":{"0":{"start":{"line":1,"column":0},"end":{"line":1,"column":87}},"1":{"start":{"line":2,"column":0},"end":{"line":2,"column":31}},"2":{"start":{"line":3,"column":0},"end":{"line":3,"column":33}},"3":{"start":{"line":8,"column":0},"end":{"line":31,"column":1}},"4":{"start":{"line":10,"column":4},"end":{"line":10,"column":15}},"5":{"start":{"line":13,"column":4},"end":{"line":13,"column":22}},"6":{"start":{"line":16,"column":4},"end":{"line":16,"column":21}},"7":{"start":{"line":19,"column":4},"end":{"line":19,"column":24}},"8":{"start":{"line":22,"column":4},"end":{"line":22,"column":16}},"9":{"start":{"line":26,"column":4},"end":{"line":26,"column":20}},"10":{"start":{"line":24,"column":24},"end":{"line":24,"column":29}},"11":{"start":{"line":24,"column":40},"end":{"line":24,"column":58}},"12":{"start":{"line":30,"column":4},"end":{"line":30,"column":21}},"13":{"start":{"line":28,"column":24},"end":{"line":28,"column":30}},"14":{"start":{"line":28,"column":42},"end":{"line":28,"column":62}},"15":{"start":{"line":8,"column":13},"end":{"line":31,"column":1}},"16":{"start":{"line":8,"column":13},"end":{"line":8,"column":18}}},"fnMap":{"0":{"name":"(anonymous_2)","decl":{"start":{"line":24,"column":16},"end":{"line":24,"column":19}},"loc":{"start":{"line":24,"column":24},"end":{"line":24,"column":29}}},"1":{"name":"(anonymous_3)","decl":{"start":{"line":24,"column":31},"end":{"line":24,"column":35}},"loc":{"start":{"line":24,"column":40},"end":{"line":24,"column":58}}},"2":{"name":"(anonymous_4)","decl":{"start":{"line":28,"column":16},"end":{"line":28,"column":19}},"loc":{"start":{"line":28,"column":24},"end":{"line":28,"column":30}}},"3":{"name":"(anonymous_5)","decl":{"start":{"line":28,"column":32},"end":{"line":28,"column":37}},"loc":{"start":{"line":28,"column":42},"end":{"line":28,"column":62}}}},"branchMap":{},"s":{"0":1,"1":1,"2":1,"3":1,"4":1,"5":1,"6":1,"7":1,"8":1,"9":1,"10":0,"11":0,"12":1,"13":0,"14":0,"15":1,"16":1},"f":{"0":0,"1":0,"2":0,"3":0},"b":{}}
,"C:\\Users\\PC\\Desktop\\js\\BOBI-MITKO\\bobby-mitaka\\server\\database\\entity\\Movie.ts": {"path":"C:\\Users\\PC\\Desktop\\js\\BOBI-MITKO\\bobby-mitaka\\server\\database\\entity\\Movie.ts","statementMap":{"0":{"start":{"line":1,"column":0},"end":{"line":1,"column":76}},"1":{"start":{"line":2,"column":0},"end":{"line":2,"column":31}},"2":{"start":{"line":5,"column":0},"end":{"line":31,"column":1}},"3":{"start":{"line":7,"column":4},"end":{"line":7,"column":15}},"4":{"start":{"line":9,"column":4},"end":{"line":9,"column":19}},"5":{"start":{"line":12,"column":4},"end":{"line":12,"column":27}},"6":{"start":{"line":15,"column":4},"end":{"line":15,"column":21}},"7":{"start":{"line":17,"column":4},"end":{"line":17,"column":25}},"8":{"start":{"line":19,"column":4},"end":{"line":19,"column":25}},"9":{"start":{"line":22,"column":4},"end":{"line":22,"column":23}},"10":{"start":{"line":24,"column":4},"end":{"line":24,"column":23}},"11":{"start":{"line":27,"column":4},"end":{"line":27,"column":21}},"12":{"start":{"line":30,"column":4},"end":{"line":30,"column":26}},"13":{"start":{"line":29,"column":24},"end":{"line":29,"column":29}},"14":{"start":{"line":29,"column":40},"end":{"line":29,"column":52}},"15":{"start":{"line":5,"column":13},"end":{"line":31,"column":1}},"16":{"start":{"line":5,"column":13},"end":{"line":5,"column":18}}},"fnMap":{"0":{"name":"(anonymous_2)","decl":{"start":{"line":29,"column":16},"end":{"line":29,"column":19}},"loc":{"start":{"line":29,"column":24},"end":{"line":29,"column":29}}},"1":{"name":"(anonymous_3)","decl":{"start":{"line":29,"column":31},"end":{"line":29,"column":35}},"loc":{"start":{"line":29,"column":40},"end":{"line":29,"column":52}}}},"branchMap":{},"s":{"0":1,"1":1,"2":1,"3":1,"4":1,"5":1,"6":1,"7":1,"8":1,"9":1,"10":1,"11":1,"12":1,"13":0,"14":0,"15":1,"16":1},"f":{"0":0,"1":0},"b":{}}
,"C:\\Users\\PC\\Desktop\\js\\BOBI-MITKO\\bobby-mitaka\\server\\database\\entity\\Role.ts": {"path":"C:\\Users\\PC\\Desktop\\js\\BOBI-MITKO\\bobby-mitaka\\server\\database\\entity\\Role.ts","statementMap":{"0":{"start":{"line":1,"column":0},"end":{"line":1,"column":87}},"1":{"start":{"line":3,"column":0},"end":{"line":3,"column":31}},"2":{"start":{"line":4,"column":0},"end":{"line":4,"column":29}},"3":{"start":{"line":9,"column":0},"end":{"line":18,"column":1}},"4":{"start":{"line":11,"column":4},"end":{"line":11,"column":15}},"5":{"start":{"line":14,"column":4},"end":{"line":14,"column":16}},"6":{"start":{"line":17,"column":4},"end":{"line":17,"column":17}},"7":{"start":{"line":16,"column":23},"end":{"line":16,"column":27}},"8":{"start":{"line":16,"column":37},"end":{"line":16,"column":46}},"9":{"start":{"line":9,"column":13},"end":{"line":18,"column":1}},"10":{"start":{"line":9,"column":13},"end":{"line":9,"column":17}}},"fnMap":{"0":{"name":"(anonymous_2)","decl":{"start":{"line":16,"column":15},"end":{"line":16,"column":18}},"loc":{"start":{"line":16,"column":23},"end":{"line":16,"column":27}}},"1":{"name":"(anonymous_3)","decl":{"start":{"line":16,"column":29},"end":{"line":16,"column":32}},"loc":{"start":{"line":16,"column":37},"end":{"line":16,"column":46}}}},"branchMap":{},"s":{"0":3,"1":3,"2":3,"3":3,"4":3,"5":3,"6":3,"7":0,"8":0,"9":3,"10":3},"f":{"0":0,"1":0},"b":{}}
,"C:\\Users\\PC\\Desktop\\js\\BOBI-MITKO\\bobby-mitaka\\server\\database\\entity\\Roles.ts": {"path":"C:\\Users\\PC\\Desktop\\js\\BOBI-MITKO\\bobby-mitaka\\server\\database\\entity\\Roles.ts","statementMap":{"0":{"start":{"line":1,"column":0},"end":{"line":5,"column":1}},"1":{"start":{"line":2,"column":4},"end":{"line":2,"column":19}},"2":{"start":{"line":3,"column":4},"end":{"line":3,"column":27}},"3":{"start":{"line":4,"column":4},"end":{"line":4,"column":17}}},"fnMap":{"0":{"name":"(anonymous_0)","decl":{"start":{"line":1,"column":0},"end":{"line":1,"column":11}},"loc":{"start":{"line":1,"column":17},"end":{"line":5,"column":1}}}},"branchMap":{"0":{"loc":{"start":{"line":1,"column":12},"end":{"line":1,"column":17}},"type":"binary-expr","locations":[{"start":{"line":1,"column":12},"end":{"line":1,"column":17}},{"start":{"line":1,"column":12},"end":{"line":1,"column":17}}]}},"s":{"0":4,"1":4,"2":4,"3":4},"f":{"0":4},"b":{"0":[4,4]}}
,"C:\\Users\\PC\\Desktop\\js\\BOBI-MITKO\\bobby-mitaka\\server\\database\\entity\\Series.ts": {"path":"C:\\Users\\PC\\Desktop\\js\\BOBI-MITKO\\bobby-mitaka\\server\\database\\entity\\Series.ts","statementMap":{"0":{"start":{"line":1,"column":0},"end":{"line":1,"column":76}},"1":{"start":{"line":2,"column":0},"end":{"line":2,"column":31}},"2":{"start":{"line":5,"column":0},"end":{"line":23,"column":1}},"3":{"start":{"line":7,"column":4},"end":{"line":7,"column":15}},"4":{"start":{"line":9,"column":4},"end":{"line":9,"column":26}},"5":{"start":{"line":11,"column":4},"end":{"line":11,"column":25}},"6":{"start":{"line":13,"column":4},"end":{"line":13,"column":23}},"7":{"start":{"line":15,"column":4},"end":{"line":15,"column":21}},"8":{"start":{"line":17,"column":4},"end":{"line":17,"column":21}},"9":{"start":{"line":19,"column":4},"end":{"line":19,"column":23}},"10":{"start":{"line":22,"column":4},"end":{"line":22,"column":27}},"11":{"start":{"line":21,"column":24},"end":{"line":21,"column":29}},"12":{"start":{"line":21,"column":40},"end":{"line":21,"column":52}},"13":{"start":{"line":5,"column":13},"end":{"line":23,"column":1}},"14":{"start":{"line":5,"column":13},"end":{"line":5,"column":19}}},"fnMap":{"0":{"name":"(anonymous_2)","decl":{"start":{"line":21,"column":16},"end":{"line":21,"column":19}},"loc":{"start":{"line":21,"column":24},"end":{"line":21,"column":29}}},"1":{"name":"(anonymous_3)","decl":{"start":{"line":21,"column":31},"end":{"line":21,"column":35}},"loc":{"start":{"line":21,"column":40},"end":{"line":21,"column":52}}}},"branchMap":{},"s":{"0":1,"1":1,"2":1,"3":1,"4":1,"5":1,"6":1,"7":1,"8":1,"9":1,"10":1,"11":0,"12":0,"13":1,"14":1},"f":{"0":0,"1":0},"b":{}}
,"C:\\Users\\PC\\Desktop\\js\\BOBI-MITKO\\bobby-mitaka\\server\\database\\entity\\User.ts": {"path":"C:\\Users\\PC\\Desktop\\js\\BOBI-MITKO\\bobby-mitaka\\server\\database\\entity\\User.ts","statementMap":{"0":{"start":{"line":1,"column":0},"end":{"line":1,"column":86}},"1":{"start":{"line":4,"column":0},"end":{"line":4,"column":29}},"2":{"start":{"line":7,"column":0},"end":{"line":35,"column":1}},"3":{"start":{"line":9,"column":4},"end":{"line":9,"column":15}},"4":{"start":{"line":12,"column":4},"end":{"line":12,"column":22}},"5":{"start":{"line":15,"column":4},"end":{"line":15,"column":21}},"6":{"start":{"line":18,"column":4},"end":{"line":18,"column":21}},"7":{"start":{"line":21,"column":4},"end":{"line":21,"column":21}},"8":{"start":{"line":24,"column":4},"end":{"line":24,"column":18}},"9":{"start":{"line":33,"column":4},"end":{"line":33,"column":15}},"10":{"start":{"line":29,"column":23},"end":{"line":29,"column":27}},"11":{"start":{"line":29,"column":37},"end":{"line":29,"column":46}},"12":{"start":{"line":7,"column":13},"end":{"line":35,"column":1}},"13":{"start":{"line":7,"column":13},"end":{"line":7,"column":17}}},"fnMap":{"0":{"name":"(anonymous_2)","decl":{"start":{"line":29,"column":15},"end":{"line":29,"column":18}},"loc":{"start":{"line":29,"column":23},"end":{"line":29,"column":27}}},"1":{"name":"(anonymous_3)","decl":{"start":{"line":29,"column":29},"end":{"line":29,"column":32}},"loc":{"start":{"line":29,"column":37},"end":{"line":29,"column":46}}}},"branchMap":{},"s":{"0":3,"1":3,"2":3,"3":3,"4":3,"5":3,"6":3,"7":3,"8":3,"9":3,"10":0,"11":0,"12":3,"13":3},"f":{"0":0,"1":0},"b":{}}
,"C:\\Users\\PC\\Desktop\\js\\BOBI-MITKO\\bobby-mitaka\\server\\src\\controllers\\auth.controller.ts": {"path":"C:\\Users\\PC\\Desktop\\js\\BOBI-MITKO\\bobby-mitaka\\server\\src\\controllers\\auth.controller.ts","statementMap":{"0":{"start":{"line":1,"column":0},"end":{"line":1,"column":63}},"1":{"start":{"line":2,"column":0},"end":{"line":2,"column":94}},"2":{"start":{"line":3,"column":0},"end":{"line":3,"column":71}},"3":{"start":{"line":4,"column":0},"end":{"line":4,"column":63}},"4":{"start":{"line":5,"column":0},"end":{"line":5,"column":55}},"5":{"start":{"line":6,"column":0},"end":{"line":6,"column":44}},"6":{"start":{"line":7,"column":0},"end":{"line":7,"column":49}},"7":{"start":{"line":10,"column":0},"end":{"line":44,"column":1}},"8":{"start":{"line":12,"column":25},"end":{"line":12,"column":49}},"9":{"start":{"line":13,"column":25},"end":{"line":13,"column":51}},"10":{"start":{"line":18,"column":8},"end":{"line":18,"column":21}},"11":{"start":{"line":26,"column":8},"end":{"line":30,"column":9}},"12":{"start":{"line":27,"column":12},"end":{"line":27,"column":55}},"13":{"start":{"line":29,"column":12},"end":{"line":29,"column":35}},"14":{"start":{"line":38,"column":8},"end":{"line":42,"column":9}},"15":{"start":{"line":39,"column":12},"end":{"line":39,"column":55}},"16":{"start":{"line":40,"column":12},"end":{"line":40,"column":90}},"17":{"start":{"line":17,"column":4},"end":{"line":19,"column":5}},"18":{"start":{"line":22,"column":4},"end":{"line":31,"column":5}},"19":{"start":{"line":34,"column":4},"end":{"line":43,"column":5}},"20":{"start":{"line":10,"column":13},"end":{"line":44,"column":1}},"21":{"start":{"line":10,"column":13},"end":{"line":10,"column":27}}},"fnMap":{"0":{"name":"(anonymous_4)","decl":{"start":{"line":11,"column":4},"end":{"line":12,"column":24}},"loc":{"start":{"line":13,"column":51},"end":{"line":13,"column":56}}},"1":{"name":"(anonymous_5)","decl":{"start":{"line":17,"column":4},"end":{"line":17,"column":6}},"loc":{"start":{"line":17,"column":7},"end":{"line":19,"column":5}}},"2":{"name":"(anonymous_6)","decl":{"start":{"line":22,"column":4},"end":{"line":22,"column":8}},"loc":{"start":{"line":25,"column":26},"end":{"line":31,"column":5}}},"3":{"name":"(anonymous_7)","decl":{"start":{"line":34,"column":4},"end":{"line":34,"column":8}},"loc":{"start":{"line":37,"column":29},"end":{"line":43,"column":5}}}},"branchMap":{},"s":{"0":1,"1":1,"2":1,"3":1,"4":1,"5":1,"6":1,"7":1,"8":4,"9":4,"10":0,"11":2,"12":2,"13":0,"14":2,"15":2,"16":2,"17":1,"18":1,"19":1,"20":1,"21":1},"f":{"0":4,"1":0,"2":2,"3":2},"b":{}}
,"C:\\Users\\PC\\Desktop\\js\\BOBI-MITKO\\bobby-mitaka\\server\\src\\controllers\\series.controller.ts": {"path":"C:\\Users\\PC\\Desktop\\js\\BOBI-MITKO\\bobby-mitaka\\server\\src\\controllers\\series.controller.ts","statementMap":{"0":{"start":{"line":1,"column":0},"end":{"line":1,"column":121}},"1":{"start":{"line":2,"column":0},"end":{"line":2,"column":58}},"2":{"start":{"line":3,"column":0},"end":{"line":3,"column":55}},"3":{"start":{"line":8,"column":0},"end":{"line":45,"column":1}},"4":{"start":{"line":9,"column":33},"end":{"line":9,"column":61}},"5":{"start":{"line":13,"column":8},"end":{"line":17,"column":9}},"6":{"start":{"line":14,"column":12},"end":{"line":14,"column":44}},"7":{"start":{"line":16,"column":12},"end":{"line":16,"column":35}},"8":{"start":{"line":22,"column":8},"end":{"line":31,"column":9}},"9":{"start":{"line":23,"column":40},"end":{"line":23,"column":45}},"10":{"start":{"line":24,"column":12},"end":{"line":28,"column":13}},"11":{"start":{"line":25,"column":16},"end":{"line":25,"column":67}},"12":{"start":{"line":27,"column":16},"end":{"line":27,"column":72}},"13":{"start":{"line":30,"column":12},"end":{"line":30,"column":35}},"14":{"start":{"line":39,"column":8},"end":{"line":43,"column":9}},"15":{"start":{"line":40,"column":12},"end":{"line":40,"column":49}},"16":{"start":{"line":42,"column":12},"end":{"line":42,"column":75}},"17":{"start":{"line":12,"column":4},"end":{"line":18,"column":5}},"18":{"start":{"line":21,"column":4},"end":{"line":32,"column":5}},"19":{"start":{"line":35,"column":4},"end":{"line":44,"column":5}},"20":{"start":{"line":8,"column":13},"end":{"line":45,"column":1}},"21":{"start":{"line":8,"column":13},"end":{"line":8,"column":29}}},"fnMap":{"0":{"name":"(anonymous_4)","decl":{"start":{"line":9,"column":4},"end":{"line":9,"column":32}},"loc":{"start":{"line":9,"column":61},"end":{"line":9,"column":66}}},"1":{"name":"(anonymous_5)","decl":{"start":{"line":12,"column":4},"end":{"line":12,"column":6}},"loc":{"start":{"line":12,"column":7},"end":{"line":18,"column":5}}},"2":{"name":"(anonymous_6)","decl":{"start":{"line":21,"column":4},"end":{"line":21,"column":11}},"loc":{"start":{"line":21,"column":27},"end":{"line":32,"column":5}}},"3":{"name":"(anonymous_7)","decl":{"start":{"line":35,"column":4},"end":{"line":35,"column":8}},"loc":{"start":{"line":38,"column":27},"end":{"line":44,"column":5}}}},"branchMap":{"0":{"loc":{"start":{"line":24,"column":12},"end":{"line":28,"column":13}},"type":"if","locations":[{"start":{"line":24,"column":12},"end":{"line":28,"column":13}},{"start":{"line":24,"column":12},"end":{"line":28,"column":13}}]}},"s":{"0":1,"1":1,"2":1,"3":1,"4":6,"5":2,"6":2,"7":1,"8":2,"9":2,"10":2,"11":0,"12":2,"13":1,"14":2,"15":2,"16":1,"17":1,"18":1,"19":1,"20":1,"21":1},"f":{"0":6,"1":2,"2":2,"3":2},"b":{"0":[0,2]}}
,"C:\\Users\\PC\\Desktop\\js\\BOBI-MITKO\\bobby-mitaka\\server\\src\\guards\\adminGuard.ts": {"path":"C:\\Users\\PC\\Desktop\\js\\BOBI-MITKO\\bobby-mitaka\\server\\src\\guards\\adminGuard.ts","statementMap":{"0":{"start":{"line":1,"column":0},"end":{"line":1,"column":53}},"1":{"start":{"line":2,"column":0},"end":{"line":2,"column":86}},"2":{"start":{"line":3,"column":0},"end":{"line":3,"column":40}},"3":{"start":{"line":6,"column":0},"end":{"line":15,"column":1}},"4":{"start":{"line":7,"column":33},"end":{"line":7,"column":53}},"5":{"start":{"line":10,"column":28},"end":{"line":10,"column":63}},"6":{"start":{"line":11,"column":25},"end":{"line":11,"column":37}},"7":{"start":{"line":13,"column":12},"end":{"line":13,"column":58}},"8":{"start":{"line":6,"column":13},"end":{"line":15,"column":1}},"9":{"start":{"line":6,"column":13},"end":{"line":6,"column":23}}},"fnMap":{"0":{"name":"(anonymous_2)","decl":{"start":{"line":7,"column":4},"end":{"line":7,"column":32}},"loc":{"start":{"line":7,"column":53},"end":{"line":7,"column":58}}},"1":{"name":"(anonymous_3)","decl":{"start":{"line":9,"column":4},"end":{"line":9,"column":14}},"loc":{"start":{"line":9,"column":41},"end":{"line":14,"column":5}}}},"branchMap":{"0":{"loc":{"start":{"line":13,"column":19},"end":{"line":13,"column":23}},"type":"binary-expr","locations":[{"start":{"line":13,"column":19},"end":{"line":13,"column":23}},{"start":{"line":13,"column":27},"end":{"line":13,"column":57}}]}},"s":{"0":1,"1":1,"2":1,"3":1,"4":0,"5":0,"6":0,"7":0,"8":1,"9":1},"f":{"0":0,"1":0},"b":{"0":[0,0]}}
,"C:\\Users\\PC\\Desktop\\js\\BOBI-MITKO\\bobby-mitaka\\server\\src\\models\\add-series.dto.ts": {"path":"C:\\Users\\PC\\Desktop\\js\\BOBI-MITKO\\bobby-mitaka\\server\\src\\models\\add-series.dto.ts","statementMap":{"0":{"start":{"line":1,"column":0},"end":{"line":1,"column":95}},"1":{"start":{"line":6,"column":4},"end":{"line":6,"column":26}},"2":{"start":{"line":9,"column":4},"end":{"line":9,"column":25}},"3":{"start":{"line":12,"column":4},"end":{"line":12,"column":23}},"4":{"start":{"line":15,"column":4},"end":{"line":15,"column":21}},"5":{"start":{"line":18,"column":4},"end":{"line":18,"column":21}},"6":{"start":{"line":21,"column":4},"end":{"line":21,"column":23}},"7":{"start":{"line":24,"column":4},"end":{"line":24,"column":27}},"8":{"start":{"line":4,"column":0},"end":{"line":25,"column":1}}},"fnMap":{},"branchMap":{},"s":{"0":1,"1":1,"2":1,"3":1,"4":1,"5":1,"6":1,"7":1,"8":1},"f":{},"b":{}}
,"C:\\Users\\PC\\Desktop\\js\\BOBI-MITKO\\bobby-mitaka\\server\\src\\models\\user-login.dto.ts": {"path":"C:\\Users\\PC\\Desktop\\js\\BOBI-MITKO\\bobby-mitaka\\server\\src\\models\\user-login.dto.ts","statementMap":{"0":{"start":{"line":1,"column":0},"end":{"line":1,"column":48}},"1":{"start":{"line":5,"column":2},"end":{"line":5,"column":19}},"2":{"start":{"line":7,"column":2},"end":{"line":7,"column":19}},"3":{"start":{"line":2,"column":0},"end":{"line":8,"column":1}}},"fnMap":{},"branchMap":{},"s":{"0":1,"1":1,"2":1,"3":1},"f":{},"b":{}}
,"C:\\Users\\PC\\Desktop\\js\\BOBI-MITKO\\bobby-mitaka\\server\\src\\models\\user-register.dto.ts": {"path":"C:\\Users\\PC\\Desktop\\js\\BOBI-MITKO\\bobby-mitaka\\server\\src\\models\\user-register.dto.ts","statementMap":{"0":{"start":{"line":1,"column":0},"end":{"line":1,"column":60}},"1":{"start":{"line":7,"column":4},"end":{"line":7,"column":21}},"2":{"start":{"line":10,"column":4},"end":{"line":10,"column":21}},"3":{"start":{"line":14,"column":4},"end":{"line":14,"column":18}},"4":{"start":{"line":17,"column":4},"end":{"line":17,"column":22}},"5":{"start":{"line":20,"column":4},"end":{"line":20,"column":21}},"6":{"start":{"line":3,"column":0},"end":{"line":22,"column":1}}},"fnMap":{},"branchMap":{},"s":{"0":2,"1":2,"2":2,"3":2,"4":2,"5":2,"6":2},"f":{},"b":{}}
,"C:\\Users\\PC\\Desktop\\js\\BOBI-MITKO\\bobby-mitaka\\server\\src\\services\\series.service.ts": {"path":"C:\\Users\\PC\\Desktop\\js\\BOBI-MITKO\\bobby-mitaka\\server\\src\\services\\series.service.ts","statementMap":{"0":{"start":{"line":1,"column":0},"end":{"line":1,"column":55}},"1":{"start":{"line":2,"column":0},"end":{"line":2,"column":50}},"2":{"start":{"line":3,"column":0},"end":{"line":3,"column":36}},"3":{"start":{"line":5,"column":0},"end":{"line":5,"column":51}},"4":{"start":{"line":6,"column":0},"end":{"line":6,"column":53}},"5":{"start":{"line":9,"column":0},"end":{"line":63,"column":1}},"6":{"start":{"line":12,"column":25},"end":{"line":12,"column":61}},"7":{"start":{"line":14,"column":25},"end":{"line":14,"column":60}},"8":{"start":{"line":19,"column":12},"end":{"line":19,"column":61}},"9":{"start":{"line":20,"column":12},"end":{"line":20,"column":29}},"10":{"start":{"line":24,"column":12},"end":{"line":34,"column":13}},"11":{"start":{"line":25,"column":16},"end":{"line":28,"column":31}},"12":{"start":{"line":30,"column":16},"end":{"line":33,"column":31}},"13":{"start":{"line":35,"column":12},"end":{"line":35,"column":29}},"14":{"start":{"line":39,"column":27},"end":{"line":41,"column":10}},"15":{"start":{"line":43,"column":8},"end":{"line":45,"column":9}},"16":{"start":{"line":44,"column":12},"end":{"line":44,"column":58}},"17":{"start":{"line":47,"column":22},"end":{"line":47,"column":34}},"18":{"start":{"line":48,"column":8},"end":{"line":48,"column":55}},"19":{"start":{"line":49,"column":8},"end":{"line":49,"column":49}},"20":{"start":{"line":50,"column":8},"end":{"line":50,"column":45}},"21":{"start":{"line":51,"column":8},"end":{"line":51,"column":53}},"22":{"start":{"line":52,"column":8},"end":{"line":52,"column":49}},"23":{"start":{"line":53,"column":8},"end":{"line":53,"column":41}},"24":{"start":{"line":55,"column":32},"end":{"line":57,"column":11}},"25":{"start":{"line":56,"column":12},"end":{"line":56,"column":67}},"26":{"start":{"line":59,"column":8},"end":{"line":59,"column":37}},"27":{"start":{"line":60,"column":8},"end":{"line":60,"column":48}},"28":{"start":{"line":61,"column":8},"end":{"line":61,"column":27}},"29":{"start":{"line":9,"column":13},"end":{"line":63,"column":1}},"30":{"start":{"line":9,"column":13},"end":{"line":9,"column":26}}},"fnMap":{"0":{"name":"(anonymous_4)","decl":{"start":{"line":10,"column":4},"end":{"line":12,"column":24}},"loc":{"start":{"line":14,"column":60},"end":{"line":15,"column":9}}},"1":{"name":"(anonymous_5)","decl":{"start":{"line":18,"column":4},"end":{"line":18,"column":8}},"loc":{"start":{"line":18,"column":13},"end":{"line":21,"column":5}}},"2":{"name":"(anonymous_6)","decl":{"start":{"line":23,"column":4},"end":{"line":23,"column":10}},"loc":{"start":{"line":23,"column":40},"end":{"line":36,"column":5}}},"3":{"name":"(anonymous_7)","decl":{"start":{"line":38,"column":4},"end":{"line":38,"column":8}},"loc":{"start":{"line":38,"column":38},"end":{"line":62,"column":5}}},"4":{"name":"(anonymous_8)","decl":{"start":{"line":55,"column":79},"end":{"line":55,"column":80}},"loc":{"start":{"line":55,"column":89},"end":{"line":57,"column":9}}}},"branchMap":{"0":{"loc":{"start":{"line":24,"column":12},"end":{"line":34,"column":13}},"type":"if","locations":[{"start":{"line":24,"column":12},"end":{"line":34,"column":13}},{"start":{"line":24,"column":12},"end":{"line":34,"column":13}}]},"1":{"loc":{"start":{"line":43,"column":8},"end":{"line":45,"column":9}},"type":"if","locations":[{"start":{"line":43,"column":8},"end":{"line":45,"column":9}},{"start":{"line":43,"column":8},"end":{"line":45,"column":9}}]}},"s":{"0":1,"1":1,"2":1,"3":1,"4":1,"5":1,"6":0,"7":0,"8":0,"9":0,"10":0,"11":0,"12":0,"13":0,"14":0,"15":0,"16":0,"17":0,"18":0,"19":0,"20":0,"21":0,"22":0,"23":0,"24":0,"25":0,"26":0,"27":0,"28":0,"29":1,"30":1},"f":{"0":0,"1":0,"2":0,"3":0,"4":0},"b":{"0":[0,0],"1":[0,0]}}
,"C:\\Users\\PC\\Desktop\\js\\BOBI-MITKO\\bobby-mitaka\\server\\src\\services\\shared\\authentication.service.ts": {"path":"C:\\Users\\PC\\Desktop\\js\\BOBI-MITKO\\bobby-mitaka\\server\\src\\services\\shared\\authentication.service.ts","statementMap":{"0":{"start":{"line":2,"column":0},"end":{"line":2,"column":74}},"1":{"start":{"line":3,"column":0},"end":{"line":3,"column":40}},"2":{"start":{"line":4,"column":0},"end":{"line":4,"column":46}},"3":{"start":{"line":10,"column":0},"end":{"line":30,"column":1}},"4":{"start":{"line":12,"column":21},"end":{"line":12,"column":47}},"5":{"start":{"line":13,"column":21},"end":{"line":13,"column":43}},"6":{"start":{"line":17,"column":28},"end":{"line":17,"column":64}},"7":{"start":{"line":18,"column":4},"end":{"line":24,"column":5}},"8":{"start":{"line":19,"column":6},"end":{"line":19,"column":29}},"9":{"start":{"line":20,"column":26},"end":{"line":20,"column":107}},"10":{"start":{"line":21,"column":6},"end":{"line":21,"column":25}},"11":{"start":{"line":23,"column":6},"end":{"line":23,"column":55}},"12":{"start":{"line":28,"column":4},"end":{"line":28,"column":57}},"13":{"start":{"line":10,"column":13},"end":{"line":30,"column":1}},"14":{"start":{"line":10,"column":13},"end":{"line":10,"column":24}}},"fnMap":{"0":{"name":"(anonymous_2)","decl":{"start":{"line":11,"column":2},"end":{"line":12,"column":20}},"loc":{"start":{"line":13,"column":43},"end":{"line":14,"column":7}}},"1":{"name":"(anonymous_3)","decl":{"start":{"line":16,"column":9},"end":{"line":16,"column":13}},"loc":{"start":{"line":16,"column":40},"end":{"line":25,"column":3}}},"2":{"name":"(anonymous_4)","decl":{"start":{"line":27,"column":2},"end":{"line":27,"column":6}},"loc":{"start":{"line":27,"column":40},"end":{"line":29,"column":3}}}},"branchMap":{"0":{"loc":{"start":{"line":18,"column":4},"end":{"line":24,"column":5}},"type":"if","locations":[{"start":{"line":18,"column":4},"end":{"line":24,"column":5}},{"start":{"line":18,"column":4},"end":{"line":24,"column":5}}]}},"s":{"0":2,"1":2,"2":2,"3":2,"4":1,"5":1,"6":1,"7":1,"8":1,"9":1,"10":0,"11":0,"12":0,"13":2,"14":2},"f":{"0":1,"1":1,"2":0},"b":{"0":[1,0]}}
,"C:\\Users\\PC\\Desktop\\js\\BOBI-MITKO\\bobby-mitaka\\server\\src\\services\\shared\\users.service.ts": {"path":"C:\\Users\\PC\\Desktop\\js\\BOBI-MITKO\\bobby-mitaka\\server\\src\\services\\shared\\users.service.ts","statementMap":{"0":{"start":{"line":1,"column":0},"end":{"line":1,"column":52}},"1":{"start":{"line":2,"column":0},"end":{"line":2,"column":95}},"2":{"start":{"line":3,"column":0},"end":{"line":3,"column":36}},"3":{"start":{"line":5,"column":0},"end":{"line":5,"column":52}},"4":{"start":{"line":6,"column":0},"end":{"line":6,"column":50}},"5":{"start":{"line":7,"column":0},"end":{"line":7,"column":32}},"6":{"start":{"line":12,"column":0},"end":{"line":55,"column":1}},"7":{"start":{"line":16,"column":25},"end":{"line":16,"column":58}},"8":{"start":{"line":18,"column":25},"end":{"line":18,"column":58}},"9":{"start":{"line":22,"column":26},"end":{"line":22,"column":110}},"10":{"start":{"line":24,"column":8},"end":{"line":26,"column":9}},"11":{"start":{"line":25,"column":12},"end":{"line":25,"column":84}},"12":{"start":{"line":28,"column":8},"end":{"line":28,"column":81}},"13":{"start":{"line":29,"column":21},"end":{"line":29,"column":31}},"14":{"start":{"line":30,"column":8},"end":{"line":30,"column":42}},"15":{"start":{"line":31,"column":8},"end":{"line":31,"column":50}},"16":{"start":{"line":32,"column":8},"end":{"line":32,"column":48}},"17":{"start":{"line":33,"column":8},"end":{"line":33,"column":48}},"18":{"start":{"line":34,"column":8},"end":{"line":34,"column":84}},"19":{"start":{"line":35,"column":8},"end":{"line":35,"column":48}},"20":{"start":{"line":36,"column":8},"end":{"line":36,"column":46}},"21":{"start":{"line":40,"column":32},"end":{"line":40,"column":106}},"22":{"start":{"line":42,"column":8},"end":{"line":48,"column":9}},"23":{"start":{"line":43,"column":27},"end":{"line":43,"column":82}},"24":{"start":{"line":44,"column":12},"end":{"line":46,"column":13}},"25":{"start":{"line":45,"column":16},"end":{"line":45,"column":33}},"26":{"start":{"line":47,"column":12},"end":{"line":47,"column":61}},"27":{"start":{"line":52,"column":32},"end":{"line":52,"column":109}},"28":{"start":{"line":53,"column":8},"end":{"line":53,"column":25}},"29":{"start":{"line":12,"column":13},"end":{"line":55,"column":1}},"30":{"start":{"line":12,"column":13},"end":{"line":12,"column":25}}},"fnMap":{"0":{"name":"(anonymous_4)","decl":{"start":{"line":14,"column":4},"end":{"line":16,"column":24}},"loc":{"start":{"line":18,"column":58},"end":{"line":19,"column":9}}},"1":{"name":"(anonymous_5)","decl":{"start":{"line":21,"column":4},"end":{"line":21,"column":8}},"loc":{"start":{"line":21,"column":54},"end":{"line":37,"column":5}}},"2":{"name":"(anonymous_6)","decl":{"start":{"line":39,"column":4},"end":{"line":39,"column":8}},"loc":{"start":{"line":39,"column":35},"end":{"line":49,"column":5}}},"3":{"name":"(anonymous_7)","decl":{"start":{"line":51,"column":4},"end":{"line":51,"column":8}},"loc":{"start":{"line":51,"column":42},"end":{"line":54,"column":5}}}},"branchMap":{"0":{"loc":{"start":{"line":24,"column":8},"end":{"line":26,"column":9}},"type":"if","locations":[{"start":{"line":24,"column":8},"end":{"line":26,"column":9}},{"start":{"line":24,"column":8},"end":{"line":26,"column":9}}]},"1":{"loc":{"start":{"line":42,"column":8},"end":{"line":48,"column":9}},"type":"if","locations":[{"start":{"line":42,"column":8},"end":{"line":48,"column":9}},{"start":{"line":42,"column":8},"end":{"line":48,"column":9}}]},"2":{"loc":{"start":{"line":44,"column":12},"end":{"line":46,"column":13}},"type":"if","locations":[{"start":{"line":44,"column":12},"end":{"line":46,"column":13}},{"start":{"line":44,"column":12},"end":{"line":46,"column":13}}]}},"s":{"0":3,"1":3,"2":3,"3":3,"4":3,"5":3,"6":3,"7":1,"8":1,"9":1,"10":1,"11":1,"12":0,"13":0,"14":0,"15":0,"16":0,"17":0,"18":0,"19":0,"20":0,"21":0,"22":0,"23":0,"24":0,"25":0,"26":0,"27":0,"28":0,"29":3,"30":3},"f":{"0":1,"1":1,"2":0,"3":0},"b":{"0":[1,0],"1":[0,0],"2":[0,0]}}
}
