TN:
SF:C:\Users\PC\Desktop\js\BOBI-MITKO\bobby-mitaka\server\database\entity\Actor.ts
FN:24,(anonymous_2)
FN:24,(anonymous_3)
FN:28,(anonymous_4)
FN:28,(anonymous_5)
FNF:4
FNH:0
FNDA:0,(anonymous_2)
FNDA:0,(anonymous_3)
FNDA:0,(anonymous_4)
FNDA:0,(anonymous_5)
DA:1,1
DA:2,1
DA:3,1
DA:8,1
DA:10,1
DA:13,1
DA:16,1
DA:19,1
DA:22,1
DA:24,0
DA:26,1
DA:28,0
DA:30,1
LF:13
LH:11
BRF:0
BRH:0
end_of_record
TN:
SF:C:\Users\PC\Desktop\js\BOBI-MITKO\bobby-mitaka\server\database\entity\Movie.ts
FN:29,(anonymous_2)
FN:29,(anonymous_3)
FNF:2
FNH:0
FNDA:0,(anonymous_2)
FNDA:0,(anonymous_3)
DA:1,1
DA:2,1
DA:5,1
DA:7,1
DA:9,1
DA:12,1
DA:15,1
DA:17,1
DA:19,1
DA:22,1
DA:24,1
DA:27,1
DA:29,0
DA:30,1
LF:14
LH:13
BRF:0
BRH:0
end_of_record
TN:
SF:C:\Users\PC\Desktop\js\BOBI-MITKO\bobby-mitaka\server\database\entity\Role.ts
FN:16,(anonymous_2)
FN:16,(anonymous_3)
FNF:2
FNH:0
FNDA:0,(anonymous_2)
FNDA:0,(anonymous_3)
DA:1,3
DA:3,3
DA:4,3
DA:9,3
DA:11,3
DA:14,3
DA:16,0
DA:17,3
LF:8
LH:7
BRF:0
BRH:0
end_of_record
TN:
SF:C:\Users\PC\Desktop\js\BOBI-MITKO\bobby-mitaka\server\database\entity\Roles.ts
FN:1,(anonymous_0)
FNF:1
FNH:1
FNDA:4,(anonymous_0)
DA:1,4
DA:2,4
DA:3,4
DA:4,4
LF:4
LH:4
BRDA:1,0,0,4
BRDA:1,0,1,4
BRF:2
BRH:2
end_of_record
TN:
SF:C:\Users\PC\Desktop\js\BOBI-MITKO\bobby-mitaka\server\database\entity\Series.ts
FN:21,(anonymous_2)
FN:21,(anonymous_3)
FNF:2
FNH:0
FNDA:0,(anonymous_2)
FNDA:0,(anonymous_3)
DA:1,1
DA:2,1
DA:5,1
DA:7,1
DA:9,1
DA:11,1
DA:13,1
DA:15,1
DA:17,1
DA:19,1
DA:21,0
DA:22,1
LF:12
LH:11
BRF:0
BRH:0
end_of_record
TN:
SF:C:\Users\PC\Desktop\js\BOBI-MITKO\bobby-mitaka\server\database\entity\User.ts
FN:29,(anonymous_2)
FN:29,(anonymous_3)
FNF:2
FNH:0
FNDA:0,(anonymous_2)
FNDA:0,(anonymous_3)
DA:1,3
DA:4,3
DA:7,3
DA:9,3
DA:12,3
DA:15,3
DA:18,3
DA:21,3
DA:24,3
DA:29,0
DA:33,3
LF:11
LH:10
BRF:0
BRH:0
end_of_record
TN:
SF:C:\Users\PC\Desktop\js\BOBI-MITKO\bobby-mitaka\server\src\controllers\auth.controller.ts
FN:11,(anonymous_4)
FN:17,(anonymous_5)
FN:22,(anonymous_6)
FN:34,(anonymous_7)
FNF:4
FNH:3
FNDA:4,(anonymous_4)
FNDA:0,(anonymous_5)
FNDA:2,(anonymous_6)
FNDA:2,(anonymous_7)
DA:1,1
DA:2,1
DA:3,1
DA:4,1
DA:5,1
DA:6,1
DA:7,1
DA:10,1
DA:12,4
DA:13,4
DA:17,1
DA:18,0
DA:22,1
DA:26,2
DA:27,2
DA:29,0
DA:34,1
DA:38,2
DA:39,2
DA:40,2
LF:20
LH:18
BRF:0
BRH:0
end_of_record
TN:
SF:C:\Users\PC\Desktop\js\BOBI-MITKO\bobby-mitaka\server\src\controllers\series.controller.ts
FN:9,(anonymous_4)
FN:12,(anonymous_5)
FN:21,(anonymous_6)
FN:35,(anonymous_7)
FNF:4
FNH:4
FNDA:6,(anonymous_4)
FNDA:2,(anonymous_5)
FNDA:2,(anonymous_6)
FNDA:2,(anonymous_7)
DA:1,1
DA:2,1
DA:3,1
DA:8,1
DA:9,6
DA:12,1
DA:13,2
DA:14,2
DA:16,1
DA:21,1
DA:22,2
DA:23,2
DA:24,2
DA:25,0
DA:27,2
DA:30,1
DA:35,1
DA:39,2
DA:40,2
DA:42,1
LF:20
LH:19
BRDA:24,0,0,0
BRDA:24,0,1,2
BRF:2
BRH:1
end_of_record
TN:
SF:C:\Users\PC\Desktop\js\BOBI-MITKO\bobby-mitaka\server\src\guards\adminGuard.ts
FN:7,(anonymous_2)
FN:9,(anonymous_3)
FNF:2
FNH:0
FNDA:0,(anonymous_2)
FNDA:0,(anonymous_3)
DA:1,1
DA:2,1
DA:3,1
DA:6,1
DA:7,0
DA:10,0
DA:11,0
DA:13,0
LF:8
LH:4
BRDA:13,0,0,0
BRDA:13,0,1,0
BRF:2
BRH:0
end_of_record
TN:
SF:C:\Users\PC\Desktop\js\BOBI-MITKO\bobby-mitaka\server\src\models\add-series.dto.ts
FNF:0
FNH:0
DA:1,1
DA:4,1
DA:6,1
DA:9,1
DA:12,1
DA:15,1
DA:18,1
DA:21,1
DA:24,1
LF:9
LH:9
BRF:0
BRH:0
end_of_record
TN:
SF:C:\Users\PC\Desktop\js\BOBI-MITKO\bobby-mitaka\server\src\models\user-login.dto.ts
FNF:0
FNH:0
DA:1,1
DA:2,1
DA:5,1
DA:7,1
LF:4
LH:4
BRF:0
BRH:0
end_of_record
TN:
SF:C:\Users\PC\Desktop\js\BOBI-MITKO\bobby-mitaka\server\src\models\user-register.dto.ts
FNF:0
FNH:0
DA:1,2
DA:3,2
DA:7,2
DA:10,2
DA:14,2
DA:17,2
DA:20,2
LF:7
LH:7
BRF:0
BRH:0
end_of_record
TN:
SF:C:\Users\PC\Desktop\js\BOBI-MITKO\bobby-mitaka\server\src\services\series.service.ts
FN:10,(anonymous_4)
FN:18,(anonymous_5)
FN:23,(anonymous_6)
FN:38,(anonymous_7)
FN:55,(anonymous_8)
FNF:5
FNH:0
FNDA:0,(anonymous_4)
FNDA:0,(anonymous_5)
FNDA:0,(anonymous_6)
FNDA:0,(anonymous_7)
FNDA:0,(anonymous_8)
DA:1,1
DA:2,1
DA:3,1
DA:5,1
DA:6,1
DA:9,1
DA:12,0
DA:14,0
DA:19,0
DA:20,0
DA:24,0
DA:25,0
DA:30,0
DA:35,0
DA:39,0
DA:43,0
DA:44,0
DA:47,0
DA:48,0
DA:49,0
DA:50,0
DA:51,0
DA:52,0
DA:53,0
DA:55,0
DA:56,0
DA:59,0
DA:60,0
DA:61,0
LF:29
LH:6
BRDA:24,0,0,0
BRDA:24,0,1,0
BRDA:43,1,0,0
BRDA:43,1,1,0
BRF:4
BRH:0
end_of_record
TN:
SF:C:\Users\PC\Desktop\js\BOBI-MITKO\bobby-mitaka\server\src\services\shared\authentication.service.ts
FN:11,(anonymous_2)
FN:16,(anonymous_3)
FN:27,(anonymous_4)
FNF:3
FNH:2
FNDA:1,(anonymous_2)
FNDA:1,(anonymous_3)
FNDA:0,(anonymous_4)
DA:2,2
DA:3,2
DA:4,2
DA:10,2
DA:12,1
DA:13,1
DA:17,1
DA:18,1
DA:19,1
DA:20,1
DA:21,0
DA:23,0
DA:28,0
LF:13
LH:10
BRDA:18,0,0,1
BRDA:18,0,1,0
BRF:2
BRH:1
end_of_record
TN:
SF:C:\Users\PC\Desktop\js\BOBI-MITKO\bobby-mitaka\server\src\services\shared\users.service.ts
FN:14,(anonymous_4)
FN:21,(anonymous_5)
FN:39,(anonymous_6)
FN:51,(anonymous_7)
FNF:4
FNH:2
FNDA:1,(anonymous_4)
FNDA:1,(anonymous_5)
FNDA:0,(anonymous_6)
FNDA:0,(anonymous_7)
DA:1,3
DA:2,3
DA:3,3
DA:5,3
DA:6,3
DA:7,3
DA:12,3
DA:16,1
DA:18,1
DA:22,1
DA:24,1
DA:25,1
DA:28,0
DA:29,0
DA:30,0
DA:31,0
DA:32,0
DA:33,0
DA:34,0
DA:35,0
DA:36,0
DA:40,0
DA:42,0
DA:43,0
DA:44,0
DA:45,0
DA:47,0
DA:52,0
DA:53,0
LF:29
LH:12
BRDA:24,0,0,1
BRDA:24,0,1,0
BRDA:42,1,0,0
BRDA:42,1,1,0
BRDA:44,2,0,0
BRDA:44,2,1,0
BRF:6
BRH:1
end_of_record
