TN:
SF:C:\Users\PC\Desktop\js\BOBI-MITKO\bobby-mitaka\server\database\entity\Actor.ts
FN:24,(anonymous_2)
FN:24,(anonymous_3)
FN:28,(anonymous_4)
FN:28,(anonymous_5)
FNF:4
FNH:0
FNDA:0,(anonymous_2)
FNDA:0,(anonymous_3)
FNDA:0,(anonymous_4)
FNDA:0,(anonymous_5)
DA:1,3
DA:2,3
DA:3,3
DA:8,3
DA:10,3
DA:13,3
DA:16,3
DA:19,3
DA:22,3
DA:24,0
DA:26,3
DA:28,0
DA:30,3
LF:13
LH:11
BRF:0
BRH:0
end_of_record
TN:
SF:C:\Users\PC\Desktop\js\BOBI-MITKO\bobby-mitaka\server\database\entity\Movie.ts
FN:29,(anonymous_2)
FN:29,(anonymous_3)
FNF:2
FNH:0
FNDA:0,(anonymous_2)
FNDA:0,(anonymous_3)
DA:1,3
DA:2,3
DA:5,3
DA:7,3
DA:9,3
DA:12,3
DA:15,3
DA:17,3
DA:19,3
DA:22,3
DA:24,3
DA:27,3
DA:29,0
DA:30,3
LF:14
LH:13
BRF:0
BRH:0
end_of_record
TN:
SF:C:\Users\PC\Desktop\js\BOBI-MITKO\bobby-mitaka\server\database\entity\Role.ts
FN:16,(anonymous_2)
FN:16,(anonymous_3)
FNF:2
FNH:0
FNDA:0,(anonymous_2)
FNDA:0,(anonymous_3)
DA:1,1
DA:3,1
DA:4,1
DA:9,1
DA:11,1
DA:14,1
DA:16,0
DA:17,1
LF:8
LH:7
BRF:0
BRH:0
end_of_record
TN:
SF:C:\Users\PC\Desktop\js\BOBI-MITKO\bobby-mitaka\server\database\entity\Roles.ts
FN:1,(anonymous_0)
FNF:1
FNH:1
FNDA:1,(anonymous_0)
DA:1,1
DA:2,1
DA:3,1
DA:4,1
LF:4
LH:4
BRDA:1,0,0,1
BRDA:1,0,1,1
BRF:2
BRH:2
end_of_record
TN:
SF:C:\Users\PC\Desktop\js\BOBI-MITKO\bobby-mitaka\server\database\entity\Series.ts
FN:21,(anonymous_2)
FN:21,(anonymous_3)
FNF:2
FNH:0
FNDA:0,(anonymous_2)
FNDA:0,(anonymous_3)
DA:1,3
DA:2,3
DA:5,3
DA:7,3
DA:9,3
DA:11,3
DA:13,3
DA:15,3
DA:17,3
DA:19,3
DA:21,0
DA:22,3
LF:12
LH:11
BRF:0
BRH:0
end_of_record
TN:
SF:C:\Users\PC\Desktop\js\BOBI-MITKO\bobby-mitaka\server\database\entity\User.ts
FN:29,(anonymous_2)
FN:29,(anonymous_3)
FNF:2
FNH:0
FNDA:0,(anonymous_2)
FNDA:0,(anonymous_3)
DA:1,1
DA:4,1
DA:7,1
DA:9,1
DA:12,1
DA:15,1
DA:18,1
DA:21,1
DA:24,1
DA:29,0
DA:33,1
LF:11
LH:10
BRF:0
BRH:0
end_of_record
TN:
SF:C:\Users\PC\Desktop\js\BOBI-MITKO\bobby-mitaka\server\src\controllers\series.controller.ts
FN:9,(anonymous_4)
FN:12,(anonymous_5)
FN:21,(anonymous_6)
FN:31,(anonymous_7)
FNF:4
FNH:4
FNDA:6,(anonymous_4)
FNDA:2,(anonymous_5)
FNDA:2,(anonymous_6)
FNDA:2,(anonymous_7)
DA:1,1
DA:2,1
DA:3,1
DA:8,1
DA:9,6
DA:12,1
DA:13,2
DA:14,2
DA:16,1
DA:21,1
DA:22,2
DA:23,2
DA:24,2
DA:26,1
DA:31,1
DA:35,2
DA:36,2
DA:38,1
LF:18
LH:18
BRF:0
BRH:0
end_of_record
TN:
SF:C:\Users\PC\Desktop\js\BOBI-MITKO\bobby-mitaka\server\src\models\add-movie.dto.ts
FNF:0
FNH:0
DA:2,1
DA:5,1
DA:7,1
DA:9,1
DA:11,1
DA:13,1
DA:15,1
DA:17,1
DA:19,1
DA:21,1
DA:23,1
LF:11
LH:11
BRF:0
BRH:0
end_of_record
TN:
SF:C:\Users\PC\Desktop\js\BOBI-MITKO\bobby-mitaka\server\src\models\add-series.dto.ts
FNF:0
FNH:0
DA:1,1
DA:4,1
DA:6,1
DA:9,1
DA:12,1
DA:15,1
DA:18,1
DA:21,1
DA:24,1
LF:9
LH:9
BRF:0
BRH:0
end_of_record
TN:
SF:C:\Users\PC\Desktop\js\BOBI-MITKO\bobby-mitaka\server\src\models\user-register.dto.ts
FNF:0
FNH:0
DA:1,1
DA:3,1
DA:7,1
DA:10,1
DA:14,1
DA:17,1
DA:20,1
LF:7
LH:7
BRF:0
BRH:0
end_of_record
TN:
SF:C:\Users\PC\Desktop\js\BOBI-MITKO\bobby-mitaka\server\src\services\movie.service.ts
FN:11,(anonymous_4)
FN:20,(anonymous_5)
FN:25,(anonymous_6)
FN:41,(anonymous_7)
FN:52,(anonymous_8)
FNF:5
FNH:4
FNDA:1,(anonymous_4)
FNDA:1,(anonymous_5)
FNDA:0,(anonymous_6)
FNDA:1,(anonymous_7)
FNDA:1,(anonymous_8)
DA:1,1
DA:3,1
DA:4,1
DA:5,1
DA:6,1
DA:10,1
DA:13,1
DA:15,1
DA:21,1
DA:22,1
DA:27,0
DA:28,0
DA:33,0
DA:38,0
DA:42,1
DA:43,1
DA:44,1
DA:45,1
DA:46,1
DA:47,1
DA:48,1
DA:49,1
DA:50,1
DA:51,1
DA:52,1
DA:53,1
DA:55,1
DA:56,1
DA:57,1
LF:29
LH:25
BRDA:27,0,0,0
BRDA:27,0,1,0
BRF:2
BRH:0
end_of_record
TN:
SF:C:\Users\PC\Desktop\js\BOBI-MITKO\bobby-mitaka\server\src\services\series.service.ts
FN:10,(anonymous_4)
FN:17,(anonymous_5)
FN:21,(anonymous_6)
FN:29,(anonymous_7)
FN:46,(anonymous_8)
FNF:5
FNH:3
FNDA:2,(anonymous_4)
FNDA:1,(anonymous_5)
FNDA:1,(anonymous_6)
FNDA:0,(anonymous_7)
FNDA:0,(anonymous_8)
DA:1,2
DA:2,2
DA:3,2
DA:5,2
DA:6,2
DA:9,2
DA:12,2
DA:14,2
DA:18,1
DA:22,1
DA:23,1
DA:25,0
DA:30,0
DA:34,0
DA:35,0
DA:38,0
DA:39,0
DA:40,0
DA:41,0
DA:42,0
DA:43,0
DA:44,0
DA:46,0
DA:47,0
DA:50,0
DA:51,0
LF:26
LH:11
BRDA:34,0,0,0
BRDA:34,0,1,0
BRF:2
BRH:0
end_of_record
TN:
SF:C:\Users\PC\Desktop\js\BOBI-MITKO\bobby-mitaka\server\src\services\shared\users.service.ts
FN:14,(anonymous_4)
FN:21,(anonymous_5)
FN:39,(anonymous_6)
FN:51,(anonymous_7)
FNF:4
FNH:2
FNDA:1,(anonymous_4)
FNDA:1,(anonymous_5)
FNDA:0,(anonymous_6)
FNDA:0,(anonymous_7)
DA:1,1
DA:2,1
DA:3,1
DA:5,1
DA:6,1
DA:7,1
DA:12,1
DA:16,1
DA:18,1
DA:22,1
DA:24,1
DA:25,1
DA:28,0
DA:29,0
DA:30,0
DA:31,0
DA:32,0
DA:33,0
DA:34,0
DA:35,0
DA:36,0
DA:40,0
DA:42,0
DA:43,0
DA:44,0
DA:45,0
DA:47,0
DA:52,0
DA:53,0
LF:29
LH:12
BRDA:24,0,0,1
BRDA:24,0,1,0
BRDA:42,1,0,0
BRDA:42,1,1,0
BRDA:44,2,0,0
BRDA:44,2,1,0
BRF:6
BRH:1
end_of_record
